ACVES02Z
ACVES03Z
ACVES04Z
ACVES05Z
ACVES06Z
ACVES07Z
ACVES08Z
ACVES09Z
ACVOF01Z
ACVSZ02Z
ACVSZ03Z
ACVSZ04Z
ACVSZ05Z
ACVVD02Z
ACVVD04Z
ACVVD05Z
ACVVD06Z
ACVVD07Z
AISIM01R
AM2060CARD002Z
AMBRHVBACK001L
AMC275CARD003Z
AMCARDCARD001Z
AMCRVCPHOF001Z
AMCRVCPHOF002Z
AMELJYEXOF001Z
AMLGHIPHOF003Z
AMLWHIRDRM004Z
AMMAHIBACK002Z
AMMAHIBACK003Z
AMMCDORDRM001R
AMMSHVPHOF001Z
AMMSHVPHOF002Z
AMMSHVPHOF004Z
AMMSHVPHOF005Z
AMMSHVSCHD001Z
AMMSHVSCHD002Z
AMMSHVSCHD003Z
AMMSHVWKAR019Z
AMNNHICLIN003Z
AMNNHICLIN007Z
AMNNHIPHOF001Z
AMNNHIPHOF002Z
AMNNHIPHOF003Z
AMNNHIPHOF005Z
AMNNHIPHOF006Z
AMNWGOORPO001R
AMOAAURDST001R
AMOABHRDST001R
AMOABTRDST001R
AMOACVRDST001R
AMOADGRDST001R
AMOAFYRDST001R
AMOAGNRDST001R
AMOAJCRDST001R
AMOAMARDST001R
AMOANNRDST001R
AMOANTRDST001R
AMOAPCRDST001R
AMOAPWRDST001R
AMOASBRDST001R
AMP5THCARD001Z
AMPHRDPHOF001Z
AMPHRDPHOF002Z
AMPHRDPHOF003Z
AMPHRDPHOF004Z
AMPHRDPHOF005Z
AMPHRDPHOF006Z
AMPHRDPHOF007Z
AMPHRDPHOF008Z
AMPHRDWKAR001Z
AMPRMTCARD001Z
AMRKORPHOF001R
AMRKORPHOF002R
AMRKORPHOF003R
AMRKORPHOF004R
AMS210CLIN003Z
AMS210DICT003Z
AMS210DICT004Z
AMSNEURDST001R
ANUCD02W
ANUCD03W
AOXCD01W
ARAPPSOFFC007Z
ARNUCMCTRM001W
ARRDGYCTRM001X
ARRDGYRDRM001R
ARRDGYRDRM002R
ARRDGYRDRM003R
ARRDGYRDRM004R
ARRDGYRDRM005R
ARRDGYRDRM006R
ARRDGYRDRM007R
ARRDGYRDRM009R
ARRDGYRDRM011R
ARRDGYRDRM012R
ARRDGYRDRM013R
ARRDGYRDRM014R
ARRDGYRDRM015R
ARRDGYRDRM017R
ARRDGYRDRM018R
AXRCT05W
AXRFD02W
AXRFD05W
AXRMR02W
AXRMR05W
AXROF16W
AYSIM02Z
CACALBCTRM007Z
CADLOUDRLG003Z
CADLOUDRLG004Z
CADLOUDRLG005Z
CADLOUDRLG006Z
CAECHOOFF001Z
CANUCMWKAR004Z
CAOPTCNRSS003Z
CARDGYRDRM001R
CARDGYRDRM002R
CARDGYRDRM003R
CARDGYRDRM004R
CARDGYRDRM005R
CASTRSROOM003Z
CEDFT02Z
CIUDT02Z
CJORSVOFFC002W
CJRDGYRDRM001R
CM1DT04Z
CM4DT04Z
CMCALBCTRM003W
CMCALBCTRM004Z
CMECHOOFFC002Z
CMECHOOFFC003Z
CMECHOOFFC006Z
CMECHOOFFC007Z
CMECHOOFFC008Z
CMECHORDRM001Z
CMECHORDRM002Z
CMECHORDRM003Z
CMECHORDRM004Z
CMECHORECP005Z
CMFINSOFFC014W
CMNUCMCTRM001W
CMRDGYHOLB001Z
CMRDGYOFFC004W
CMRDGYRDRM003R
CMRDGYSTRS001Z
CMRDGYULSN002Z
CNCRVCRADI001Z
CNRDGYMRIM002W
CNRDGYOFFC001W
CNRDGYXRAY001W
CXRGN01W
CXRMR01W
CXRRM08R
CXRRM10Z
CXRRM11Z
CXRUS01Z
CXRWA01Z
CXRWA05Z
EMBCTRRDRM002R
EMBCTRRDRM003R
EMOPRDRDRM002R
EMRDGYRDRM001R
EMRDGYRDRM002R
EMRDGYRDRM003R
EMRDGYRDRM004R
FCLES01Z
FCLNS06Z
FCLOB01Z
FCVCD07Z
FCVES01Z
FCVES02Z
FCVES03Z
FCVES04Z
FCVES05Z
FCVHF03Z
FCVIC08Z
FCVIC09Z
FCVIM01W
FCVOF11Z
FCVRR03Z
FCVRR05Z
FCVSZ04Z
FCVWR01Z
FHCRVCCVIC001Z
FHOPDICTRM001W
FNUES01Z
FNUNS01Z
FNUWR01Z
FODCT03W
FWIRR02R
FXRCT01W
FXRCT04W
FXRCT09W
FXRCT13W
FXRNM02W
FXRRR01R
FXRRR04R
FXRRR04Z
FXRRR05R
FXRUS12W
FXRWR01W
HAHDT01Z
HAHIM01Z
HAHOF02Z
HAHSP02Z
HAVBO01Z
HBBOF01Z
HBBWA01Z
HBLEX06Z
HBLOF02Z
HBLPH06Z
HBLPH10Z
HBRPH01Z
HBYOF10Z
HCNFO09Z
HCNOF04W
HCNPH04Z
HCNPH07Z
HCNPH08Z
HCNPH10Z
HCNPH11Z
HCNPH12Z
HCNPH13Z
HCTES01Z
HCTEX07Z
HCTEX10Z
HCTOF02Z
HCTPH01Z
HCTWA01Z
HCVCF01Z
HCVOB01Z
HCVRR01Z
HCVRR02Z
HCVRR03Z
HCVRR05Z
HCVRR06Z
HCVRR07Z
HCVRR08Z
HCVRR09Z
HCVRR10Z
HCVRR11Z
HCVRR12Z
HD1DT01Z
HD1DT02Z
HD1DT03Z
HD1DT04Z
HD1DT06Z
HD1NS25Z
HD1OF07Z
HD1OF08Z
HD1OF09Z
HD1OF10Z
HD1OF14Z
HD1OF15Z
HD1OF16Z
HD1OF18Z
HD1OF19Z
HD1OF20Z
HD1WA06Z
HD9CD01Z
HD9NS03Z
HD9SP01Z
HD9SP02Z
HD9SP04Z
HDGES02Z
HDGOF01Z
HDGPH01Z
HDGPH02Z
HEJES01Z
HEJES02Z
HEJOF01Z
HEJPH02Z
HETWA01Z
HFYBO24Z
HFYOF14Z
HFYOF15Z
HFYPH06Z
HFYRR01Z
HFYRR02Z
HFYRR03Z
HFYRR04Z
HFYWA10Z
HFYWA11Z
HFYWR06Z
HFYWR07Z
HHCRVCOFFC002Z
HJPPH04Z
HMACI03Z
HMAOF02Z
HMAOF05Z
HMAOF07Z
HNCNS01Z
HNWRR04Z
HP5PH06Z
HP5PH07Z
HP5PH08Z
HP9BO14Z
HP9BO21Z
HP9BO22Z
HP9CF01Z
HP9IM01Z
HP9PH17Z
HPEIM02Z
HPEPH04Z
HPMPH88Z
HPMRM02Z
HPMWA12Z
HPNPH16Z
HSHBO31Z
HSHRR01Z
HSHWA21Z
HSHWA22Z
HSHWA25Z
HSHWA26Z
HSHWR03Z
HTHWA01Z
HTHWA02Z
HTHWA03Z
HW1OF02Z
M2FCS01Z
MCTCD01W
MCTWA01Z
MHEIMGRDRM001R
MHRDGYRDRM001R
MHRDGYRDRM004R
MLBES01Z
MLBES03Z
MLBEX02Z
MLBMA01Z
MMBCTRRDRM003R
MMCALBCTRM003Z
MMCALBRDRM001R
MMCALBRDRM002R
MMCALBWKAR001R
MMCARDRDRM001Z
MMCARDRDRM003Z
MMRDGYMRCT006R
MMRDGYRDRM010R
MMRDGYRDRM011R
MMRDGYRDRM012R
MNRDGYRDRM006R
MNRDGYRDRM010R
MXRCT01W
MXRMR01W
MXRRR02R
MXRRR06Z
N2ADT11Z
N2ADT12Z
N2ADT13Z
Name0
NCLAD01Z
NCLIM01Z
NCLLB01Z
NCLNS01Z
NFWES01Z
NFWES02Z
NFWES03Z
NFWEX01Z
NFWNS01Z
NFWNS02Z
NFWNS04Z
NHCALBBACK001Z
NHCARIBACK001Z
NHCARVBACK001Z
NHCRVCEXRM001Z
NHCRVCWKRM001Z
NHRDGYRDRM002R
NXRCT06W
NXRCT07W
NXRCT11W
NXRIR01R
NXRNM01Z
NXRRR02R
NXRWR05W
OCAPPSDIMG003Z
OISAI20R
OISAL00016V
OISAL00018V
OISAL00019V
OISAL00028V
OISAL00029V
OISAL00046V
OISAL00047V
OISAL0007V
OISAL0008V
OISAL0009V
OISCV01Z
OISCV03Z
OISCV04Z
OISCV10Z
P1ELB01Z
PABCTRRDRM001R
PACRVCADMN003Z
PACRVCECHO001Z
PACVRSCUBE001Z
PAKSIMRDRM001R
PARDGYINTR001R
PARDGYRDRM002R
PARDGYRDRM004R
PASMKYWKRM001Z
PBCQC01R
PBCRR01R
PBCRR02R
PCLES01Z
PCOOF03Z
PCVCL06Z
PCVCT13Z
PCVHF89Z
PCVHF90Z
PCVHF91Z
PCVHF92Z
PCVHF94Z
PCVIC16Z
PCVIC17Z
PCVIC19Z
PCVIC20Z
PCVIC21Z
PCVIC25W
PCVID14Z
PCVID17Z
PCVIE10Z
PCVIE19Z
PCVIE21Z
PCVIE22Z
PCVIE24Z
PCVIE30Z
PCVIE32Z
PCVIE34Z
PCVIT95Z
PCVPH05Z
PCVPH06Z
PCVPH10Z
PCVRD34Z
PCVRD54Z
PCVRD56Z
PCVRD58Z
PCVRD59Z
PCVRD69Z
PCVRD70Z
PCVRD71Z
PCVRD72Z
PCVRD74Z
PCVRD76Z
PCVRD83Z
PCVRR05Z
PCVRR08Z
PCVSZ13Z
PCVVD04Z
PCVVD06Z
PCVVD20Z
PCVVD21Z
PCVXF02Z
PEPOF02Z
PEPOF03Z
PEPOF04Z
PISGN31Z
PISIT11Z
PISIT12Z
PNESN05W
PNFIC09Z
PNFIC11Z
PODCT02W
PODCT04W
PODTN02W
PONPW07W
POVOF03Z
PPNIC21Z
PPNIC23Z
PPNIC24Z
PRGVD06Z
PROGK01W
PT1STFDICT001Z
PT1STFDICT002Z
PT1STFDICT003Z
PT1STFECHO001Z
PT1STFECHO002Z
PT1STFECHO003Z
PT2NDFEDUC004Z
PT5THFCTRM001W
PT5THFCTRM002W
PT6AICCHAL012Z
PT7AICCHAL012Z
PT8ACSCHAL014Z
PTCALBANES004Z
PTCALBWKAR004Z
PTCALBWKAR005Z
PTCALBWKAR007Z
PTCALBWKAR042Z
PWRDGYRADI002R
PXRCT01W
PXRCT02W
PXRCT03W
PXRCT08W
PXRER03W
PXRFO04W
PXRIM10R
PXRIM11R
PXRMR02W
PXRNM01Z
PXRNM04W
PXRNM05W
PXRPW14W
PXRPW15W
PXRPW19W
PXRRR01R
PXRRR02R
PXRRR04R
PXRRR05R
PXRRR14R
PXRRR17R
PXRRR18R
PXRRR19R
RCLCD07Z
RCLCD08Z
RCLNS03Z
RHCRVCWKAR001Z
RHNUCMWKAR002Z
RHNUCMWKRM001Z
RNUES02Z
RNUES03Z
RNUES04Z
RNUES05Z
RNUWA04Z
ROPCD02W
RWTRG02W
RWTRG03W
RWTRR02R
RXRCD03W
RXRCD04W
RXROF02W
RXRRR03R
RXRRR04R
RXRRR05R
RXRWA07W
S3NCS01Z
SBCOF01R
SBCOF02R
SCVDT01Z
SCVDT03Z
SCVDT05Z
SCVES03Z
SCVES04Z
SCVLB04Z
SCVNM01Z
SCVOF03Z
SCVOF11Z
SCVRM01Z
SCVSZ02Z
SCVVD01Z
SCVVD02Z
SIRXR01R
SOCXR15W
SXRCT02W
SXRCT05W
SXRCT06W
SXRCT08W
SXRFR05W
SXRMR02W
SXRMR03W
SXROF14W
SXRRM03W
SXRRM05W
SXRRR01R
SXRRR02R
SXRRR03R
SXRWA01W
TCLWA01W
TNUEC03Z
TNUMR04W
TNUMR06W
TNUMR06Z
TWTRR01R
TWTUS01W
TXRCT02W
TXRCT03W
TXRIR03W
TXRIR04Z
TXRMR01W
TXROF06Z
TXRRR01R
TXRRR02R
TXRRR02Z
TXRWA07Z
TXRXF05Z
WHRDGYRDRM001Z
WXRLE01W
YA6CD01W
YA6LB04W
YGTOF02R
YJPLB02Z
YPSIM01R
YWBCD01W
